e:\tmp\осисп\5 семестр\l1\graphicseditor\debug\graphicseditor.pch
e:\tmp\осисп\5 семестр\l1\graphicseditor\debug\stdafx.obj
e:\tmp\осисп\5 семестр\l1\graphicseditor\debug\vc100.pdb
e:\tmp\осисп\5 семестр\l1\graphicseditor\debug\graphicseditor.obj
e:\tmp\осисп\5 семестр\l1\debug\graphicseditor.ilk
e:\tmp\осисп\5 семестр\l1\debug\graphicseditor.exe
e:\tmp\осисп\5 семестр\l1\graphicseditor\debug\graphicseditor.exe.intermediate.manifest
e:\tmp\осисп\5 семестр\l1\debug\graphicseditor.pdb
e:\tmp\осисп\5 семестр\l1\graphicseditor\debug\graphicseditor.exe.embed.manifest
e:\tmp\осисп\5 семестр\l1\graphicseditor\debug\graphicseditor.res
e:\tmp\осисп\5 семестр\l1\graphicseditor\debug\graphicseditor.exe.embed.manifest.res
e:\l1\l1\graphicseditor\debug\graphicseditor.pch
e:\l1\l1\graphicseditor\debug\vc120.pdb
e:\l1\l1\graphicseditor\debug\vc120.idb
e:\l1\l1\graphicseditor\debug\stdafx.obj
e:\l1\l1\graphicseditor\debug\graphicseditor.obj
e:\l1\l1\graphicseditor\debug\graphicseditor.res
e:\l1\l1\graphicseditor\debug\cl.command.1.tlog
e:\l1\l1\graphicseditor\debug\cl.read.1.tlog
e:\l1\l1\graphicseditor\debug\cl.write.1.tlog
e:\l1\l1\graphicseditor\debug\link-cvtres.read.1.tlog
e:\l1\l1\graphicseditor\debug\link-cvtres.write.1.tlog
e:\l1\l1\graphicseditor\debug\link.command.1.tlog
e:\l1\l1\graphicseditor\debug\link.read.1.tlog
e:\l1\l1\graphicseditor\debug\link.write.1.tlog
e:\l1\l1\graphicseditor\debug\mt.command.1.tlog
e:\l1\l1\graphicseditor\debug\mt.read.1.tlog
e:\l1\l1\graphicseditor\debug\mt.write.1.tlog
e:\l1\l1\graphicseditor\debug\rc.command.1.tlog
e:\l1\l1\graphicseditor\debug\rc.read.1.tlog
e:\l1\l1\graphicseditor\debug\rc.write.1.tlog
e:\l1\l1\graphicseditor\debug\graphicseditor.exe.embed.manifest
e:\l1\l1\graphicseditor\debug\graphicseditor.exe.intermediate.manifest
e:\l1\l1\graphicseditor\debug\graphicseditor.exe.embed.manifest.res
e:\l1\l1\graphicseditor\debug\vc100.idb
e:\l1\l1\graphicseditor\debug\vc100.pdb
e:\l1\l1\graphicseditor\debug\graphicseditor_manifest.rc
e:\l1\l1\debug\graphicseditor.pdb
e:\l1\l1\graphicseditor\debug\graphicseditor.tlog\cl.command.1.tlog
e:\l1\l1\graphicseditor\debug\graphicseditor.tlog\cl.read.1.tlog
e:\l1\l1\graphicseditor\debug\graphicseditor.tlog\cl.write.1.tlog
e:\l1\l1\graphicseditor\debug\graphicseditor.tlog\link-cvtres.read.1.tlog
e:\l1\l1\graphicseditor\debug\graphicseditor.tlog\link-cvtres.write.1.tlog
e:\l1\l1\graphicseditor\debug\graphicseditor.tlog\link-rc.read.1.tlog
e:\l1\l1\graphicseditor\debug\graphicseditor.tlog\link-rc.write.1.tlog
e:\l1\l1\graphicseditor\debug\graphicseditor.tlog\link.command.1.tlog
e:\l1\l1\graphicseditor\debug\graphicseditor.tlog\link.read.1.tlog
e:\l1\l1\graphicseditor\debug\graphicseditor.tlog\link.write.1.tlog
e:\l1\l1\graphicseditor\debug\graphicseditor.tlog\rc.command.1.tlog
e:\l1\l1\graphicseditor\debug\graphicseditor.tlog\rc.read.1.tlog
e:\l1\l1\graphicseditor\debug\graphicseditor.tlog\rc.write.1.tlog
